[tile sweep] qui 18 dez 2025 17:49:53 -03
[001/024] ./bin/solver_tile --seed 1001 --k 3 --pool-size 800 --prefix-order central --tile-obj score --tile-iters 400 --tile-score-pool-size 260 --tile-score-full-every 60 --refine-iters 4000 --shift-search multires --shift-grid 8 --shift-levels 4 --shift-keep 6 --angles 0,15,30,45,60,75 --spacing-safety 1.003284 --shift 0.729370,0.121663 --output runs/ai_full_20251218_174820/tile_runs/run_000.csv
Shift search: a=0.328125000 b=0.125000000 (score=108.054588722, angle=0.000)
Submission gerada em runs/ai_full_20251218_174820/tile_runs/run_000.csv
k (tile): 3
Pool size: 800
Prefix order: central
Tile iters: 400
Refine iters: 4000
Lattice v_ratio: 1.652330
Lattice theta: 50.916
Min spacing: 1.006358878
Spacing (safety): 1.009663760
Best angle: 0.000
Score (local): 107.068355182
Prune: on
Final rigid: on
SA chain: off
[002/024] ./bin/solver_tile --seed 1002 --k 5 --pool-size 600 --prefix-order central --tile-obj score --tile-iters 1200 --tile-score-pool-size 260 --tile-score-full-every 60 --refine-iters 0 --shift-search multires --shift-grid 8 --shift-levels 4 --shift-keep 6 --angles 0,15,30,45,60,75 --spacing-safety 1.004664 --shift 0.255601,0.916607 --sa-restarts 2 --sa-base-iters 300 --sa-iters-per-n 20 --sa-w-block-translate 0.06 --sa-w-block-rotate 0.02 --sa-w-lns 0.002 --sa-w-push-contact 0.2 --sa-w-squeeze 0.05 --sa-squeeze-pushes 6 --output runs/ai_full_20251218_174820/tile_runs/run_001.csv
Shift search: a=0.000000000 b=0.250000000 (score=119.278903732, angle=60.000)
Submission gerada em runs/ai_full_20251218_174820/tile_runs/run_001.csv
k (tile): 5
Pool size: 600
Prefix order: central
Tile iters: 1200
Refine iters: 0
Lattice v_ratio: 1.133095
Lattice theta: 112.856
Min spacing: 1.505270688
Spacing (safety): 1.512291271
Best angle: 60.000
Score (local): 113.634015704
Prune: on
Final rigid: on
SA chain: off
[003/024] ./bin/solver_tile --seed 1003 --k 4 --pool-size 800 --prefix-order central --tile-obj score --tile-iters 400 --tile-score-pool-size 380 --tile-score-full-every 60 --refine-iters 4000 --shift-search multires --shift-grid 8 --shift-levels 4 --shift-keep 6 --angles 0,15,30,45,60,75 --spacing-safety 1.002607 --shift 0.316925,0.156510 --output runs/ai_full_20251218_174820/tile_runs/run_002.csv
Shift search: a=0.343750000 b=0.437500000 (score=123.951423462, angle=45.000)
Submission gerada em runs/ai_full_20251218_174820/tile_runs/run_002.csv
k (tile): 4
Pool size: 800
Prefix order: central
Tile iters: 400
Refine iters: 4000
Lattice v_ratio: 0.680936
Lattice theta: 136.399
Min spacing: 2.095256643
Spacing (safety): 2.100718977
Best angle: 45.000
Score (local): 122.540186939
Prune: on
Final rigid: on
SA chain: off
[004/024] ./bin/solver_tile --seed 1004 --k 3 --pool-size 800 --prefix-order greedy --tile-obj score --tile-iters 1200 --tile-score-pool-size 320 --tile-score-full-every 40 --refine-iters 0 --shift-search multires --shift-grid 8 --shift-levels 4 --shift-keep 6 --angles 0,15,30,45,60,75 --spacing-safety 1.006907 --shift 0.817712,0.131056 --sa-restarts 2 --sa-base-iters 300 --sa-iters-per-n 20 --sa-w-block-translate 0.06 --sa-w-block-rotate 0.02 --sa-w-lns 0.002 --sa-w-push-contact 0.2 --sa-w-squeeze 0.05 --sa-squeeze-pushes 6 --output runs/ai_full_20251218_174820/tile_runs/run_003.csv
Shift search: a=0.531250000 b=0.656250000 (score=109.384749919, angle=15.000)
Submission gerada em runs/ai_full_20251218_174820/tile_runs/run_003.csv
k (tile): 3
Pool size: 800
Prefix order: greedy
Tile iters: 1200
Refine iters: 0
Lattice v_ratio: 0.573233
Lattice theta: 74.689
Min spacing: 1.538891878
Spacing (safety): 1.549521004
Best angle: 15.000
Score (local): 104.600091026
Prune: on
Final rigid: on
SA chain: off
[005/024] ./bin/solver_tile --seed 1005 --k 4 --pool-size 800 --prefix-order greedy --tile-obj score --tile-iters 400 --tile-score-pool-size 380 --tile-score-full-every 40 --refine-iters 4000 --shift-search multires --shift-grid 8 --shift-levels 4 --shift-keep 6 --angles 0,10,20,30,40,50,60 --spacing-safety 1.006520 --shift 0.358195,0.245234 --output runs/ai_full_20251218_174820/tile_runs/run_004.csv
Shift search: a=0.921875000 b=0.046875000 (score=117.327830372, angle=0.000)
Submission gerada em runs/ai_full_20251218_174820/tile_runs/run_004.csv
k (tile): 4
Pool size: 800
Prefix order: greedy
Tile iters: 400
Refine iters: 4000
Lattice v_ratio: 0.677059
Lattice theta: 40.958
Min spacing: 2.068775125
Spacing (safety): 2.082263538
Best angle: 0.000
Score (local): 116.106625692
Prune: on
Final rigid: on
SA chain: off
[006/024] ./bin/solver_tile --seed 1006 --k 5 --pool-size 800 --prefix-order central --tile-obj score --tile-iters 400 --tile-score-pool-size 320 --tile-score-full-every 40 --refine-iters 4000 --shift-search multires --shift-grid 8 --shift-levels 4 --shift-keep 6 --angles 0,15,30,45,60,75 --spacing-safety 1.003823 --shift 0.911770,0.876202 --sa-restarts 2 --sa-base-iters 300 --sa-iters-per-n 20 --sa-w-block-translate 0.06 --sa-w-block-rotate 0.02 --sa-w-lns 0.002 --sa-w-push-contact 0.2 --sa-w-squeeze 0.05 --sa-squeeze-pushes 6 --output runs/ai_full_20251218_174820/tile_runs/run_005.csv
Shift search: a=0.484375000 b=0.312500000 (score=130.098749066, angle=60.000)
Submission gerada em runs/ai_full_20251218_174820/tile_runs/run_005.csv
k (tile): 5
Pool size: 800
Prefix order: central
Tile iters: 400
Refine iters: 4000
Lattice v_ratio: 0.854747
Lattice theta: 111.225
Min spacing: 1.806816056
Spacing (safety): 1.813723514
Best angle: 60.000
Score (local): 119.431000581
Prune: on
Final rigid: on
SA chain: off
[007/024] ./bin/solver_tile --seed 1007 --k 4 --pool-size 800 --prefix-order central --tile-obj score --tile-iters 800 --tile-score-pool-size 380 --tile-score-full-every 60 --refine-iters 0 --shift-search multires --shift-grid 8 --shift-levels 4 --shift-keep 6 --angles 0,10,20,30,40,50,60 --spacing-safety 1.001813 --shift 0.462573,0.534826 --output runs/ai_full_20251218_174820/tile_runs/run_006.csv
Shift search: a=0.328125000 b=0.828125000 (score=118.191996817, angle=50.000)
Submission gerada em runs/ai_full_20251218_174820/tile_runs/run_006.csv
k (tile): 4
Pool size: 800
Prefix order: central
Tile iters: 800
Refine iters: 0
Lattice v_ratio: 1.677438
Lattice theta: 160.000
Min spacing: 1.820507826
Spacing (safety): 1.823808407
Best angle: 50.000
Score (local): 116.955910384
Prune: on
Final rigid: on
SA chain: off
[008/024] ./bin/solver_tile --seed 1008 --k 3 --pool-size 600 --prefix-order central --tile-obj score --tile-iters 1200 --tile-score-pool-size 320 --tile-score-full-every 40 --refine-iters 4000 --shift-search multires --shift-grid 8 --shift-levels 4 --shift-keep 6 --angles 0,10,20,30,40,50,60 --spacing-safety 1.002557 --shift 0.896436,0.540084 --sa-restarts 2 --sa-base-iters 300 --sa-iters-per-n 20 --sa-w-block-translate 0.06 --sa-w-block-rotate 0.02 --sa-w-lns 0.002 --sa-w-push-contact 0.2 --sa-w-squeeze 0.05 --sa-squeeze-pushes 6 --output runs/ai_full_20251218_174820/tile_runs/run_007.csv
[tile sweep resume] qui 18 dez 2025 17:52:12 -03
[001/024] ./bin/solver_tile --seed 1001 --k 3 --pool-size 800 --prefix-order central --tile-obj score --tile-iters 400 --tile-score-pool-size 260 --tile-score-full-every 60 --refine-iters 4000 --shift-search multires --shift-grid 8 --shift-levels 4 --shift-keep 6 --angles 0,15,30,45,60,75 --spacing-safety 1.003284 --shift 0.729370,0.121663 --output runs/ai_full_20251218_174820/tile_runs/run_000.csv
[002/024] ./bin/solver_tile --seed 1002 --k 5 --pool-size 600 --prefix-order central --tile-obj score --tile-iters 1200 --tile-score-pool-size 260 --tile-score-full-every 60 --refine-iters 0 --shift-search multires --shift-grid 8 --shift-levels 4 --shift-keep 6 --angles 0,15,30,45,60,75 --spacing-safety 1.004664 --shift 0.255601,0.916607 --sa-restarts 2 --sa-base-iters 300 --sa-iters-per-n 20 --sa-w-block-translate 0.06 --sa-w-block-rotate 0.02 --sa-w-lns 0.002 --sa-w-push-contact 0.2 --sa-w-squeeze 0.05 --sa-squeeze-pushes 6 --output runs/ai_full_20251218_174820/tile_runs/run_001.csv
[003/024] ./bin/solver_tile --seed 1003 --k 4 --pool-size 800 --prefix-order central --tile-obj score --tile-iters 400 --tile-score-pool-size 380 --tile-score-full-every 60 --refine-iters 4000 --shift-search multires --shift-grid 8 --shift-levels 4 --shift-keep 6 --angles 0,15,30,45,60,75 --spacing-safety 1.002607 --shift 0.316925,0.156510 --output runs/ai_full_20251218_174820/tile_runs/run_002.csv
[004/024] ./bin/solver_tile --seed 1004 --k 3 --pool-size 800 --prefix-order greedy --tile-obj score --tile-iters 1200 --tile-score-pool-size 320 --tile-score-full-every 40 --refine-iters 0 --shift-search multires --shift-grid 8 --shift-levels 4 --shift-keep 6 --angles 0,15,30,45,60,75 --spacing-safety 1.006907 --shift 0.817712,0.131056 --sa-restarts 2 --sa-base-iters 300 --sa-iters-per-n 20 --sa-w-block-translate 0.06 --sa-w-block-rotate 0.02 --sa-w-lns 0.002 --sa-w-push-contact 0.2 --sa-w-squeeze 0.05 --sa-squeeze-pushes 6 --output runs/ai_full_20251218_174820/tile_runs/run_003.csv
[005/024] ./bin/solver_tile --seed 1005 --k 4 --pool-size 800 --prefix-order greedy --tile-obj score --tile-iters 400 --tile-score-pool-size 380 --tile-score-full-every 40 --refine-iters 4000 --shift-search multires --shift-grid 8 --shift-levels 4 --shift-keep 6 --angles 0,10,20,30,40,50,60 --spacing-safety 1.006520 --shift 0.358195,0.245234 --output runs/ai_full_20251218_174820/tile_runs/run_004.csv
[006/024] ./bin/solver_tile --seed 1006 --k 5 --pool-size 800 --prefix-order central --tile-obj score --tile-iters 400 --tile-score-pool-size 320 --tile-score-full-every 40 --refine-iters 4000 --shift-search multires --shift-grid 8 --shift-levels 4 --shift-keep 6 --angles 0,15,30,45,60,75 --spacing-safety 1.003823 --shift 0.911770,0.876202 --sa-restarts 2 --sa-base-iters 300 --sa-iters-per-n 20 --sa-w-block-translate 0.06 --sa-w-block-rotate 0.02 --sa-w-lns 0.002 --sa-w-push-contact 0.2 --sa-w-squeeze 0.05 --sa-squeeze-pushes 6 --output runs/ai_full_20251218_174820/tile_runs/run_005.csv
[007/024] ./bin/solver_tile --seed 1007 --k 4 --pool-size 800 --prefix-order central --tile-obj score --tile-iters 800 --tile-score-pool-size 380 --tile-score-full-every 60 --refine-iters 0 --shift-search multires --shift-grid 8 --shift-levels 4 --shift-keep 6 --angles 0,10,20,30,40,50,60 --spacing-safety 1.001813 --shift 0.462573,0.534826 --output runs/ai_full_20251218_174820/tile_runs/run_006.csv
[008/024] ./bin/solver_tile --seed 1008 --k 3 --pool-size 600 --prefix-order central --tile-obj score --tile-iters 1200 --tile-score-pool-size 320 --tile-score-full-every 40 --refine-iters 4000 --shift-search multires --shift-grid 8 --shift-levels 4 --shift-keep 6 --angles 0,10,20,30,40,50,60 --spacing-safety 1.002557 --shift 0.896436,0.540084 --sa-restarts 2 --sa-base-iters 300 --sa-iters-per-n 20 --sa-w-block-translate 0.06 --sa-w-block-rotate 0.02 --sa-w-lns 0.002 --sa-w-push-contact 0.2 --sa-w-squeeze 0.05 --sa-squeeze-pushes 6 --output runs/ai_full_20251218_174820/tile_runs/run_007.csv
Shift search: a=0.609375000 b=0.296875000 (score=108.798087285, angle=30.000)
Submission gerada em runs/ai_full_20251218_174820/tile_runs/run_007.csv
k (tile): 3
Pool size: 600
Prefix order: central
Tile iters: 1200
Refine iters: 4000
Lattice v_ratio: 1.011772
Lattice theta: 116.990
Min spacing: 1.198048518
Spacing (safety): 1.201111928
Best angle: 30.000
Score (local): 104.261225324
Prune: on
Final rigid: on
SA chain: off
[009/024] ./bin/solver_tile --seed 1009 --k 5 --pool-size 600 --prefix-order central --tile-obj score --tile-iters 400 --tile-score-pool-size 320 --tile-score-full-every 60 --refine-iters 0 --shift-search multires --shift-grid 8 --shift-levels 4 --shift-keep 6 --angles 0,10,20,30,40,50,60 --spacing-safety 1.007764 --shift 0.182701,0.098810 --output runs/ai_full_20251218_174820/tile_runs/run_008.csv
Shift search: a=0.203125000 b=0.578125000 (score=144.475940041, angle=0.000)
Submission gerada em runs/ai_full_20251218_174820/tile_runs/run_008.csv
k (tile): 5
Pool size: 600
Prefix order: central
Tile iters: 400
Refine iters: 0
Lattice v_ratio: 1.834528
Lattice theta: 87.694
Min spacing: 1.295299024
Spacing (safety): 1.305355725
Best angle: 0.000
Score (local): 143.309088410
Prune: on
Final rigid: on
SA chain: off
[010/024] ./bin/solver_tile --seed 1010 --k 3 --pool-size 600 --prefix-order greedy --tile-obj score --tile-iters 1200 --tile-score-pool-size 380 --tile-score-full-every 60 --refine-iters 4000 --shift-search multires --shift-grid 8 --shift-levels 4 --shift-keep 6 --angles 0,10,20,30,40,50,60 --spacing-safety 1.000177 --shift 0.770486,0.858978 --sa-restarts 2 --sa-base-iters 300 --sa-iters-per-n 20 --sa-w-block-translate 0.06 --sa-w-block-rotate 0.02 --sa-w-lns 0.002 --sa-w-push-contact 0.2 --sa-w-squeeze 0.05 --sa-squeeze-pushes 6 --output runs/ai_full_20251218_174820/tile_runs/run_009.csv
Shift search: a=0.140625000 b=0.671875000 (score=104.652081377, angle=50.000)
Submission gerada em runs/ai_full_20251218_174820/tile_runs/run_009.csv
k (tile): 3
Pool size: 600
Prefix order: greedy
Tile iters: 1200
Refine iters: 4000
Lattice v_ratio: 0.728431
Lattice theta: 39.455
Min spacing: 1.667672945
Spacing (safety): 1.667968124
Best angle: 50.000
Score (local): 101.374698705
Prune: on
Final rigid: on
SA chain: off
[011/024] ./bin/solver_tile --seed 1011 --k 5 --pool-size 800 --prefix-order central --tile-obj score --tile-iters 800 --tile-score-pool-size 260 --tile-score-full-every 60 --refine-iters 4000 --shift-search multires --shift-grid 8 --shift-levels 4 --shift-keep 6 --angles 0,15,30,45,60,75 --spacing-safety 1.001234 --shift 0.549736,0.701193 --output runs/ai_full_20251218_174820/tile_runs/run_010.csv
Shift search: a=0.796875000 b=0.718750000 (score=121.747479461, angle=60.000)
Submission gerada em runs/ai_full_20251218_174820/tile_runs/run_010.csv
k (tile): 5
Pool size: 800
Prefix order: central
Tile iters: 800
Refine iters: 4000
Lattice v_ratio: 0.991785
Lattice theta: 58.139
Min spacing: 1.704207763
Spacing (safety): 1.706310756
Best angle: 60.000
Score (local): 120.739910486
Prune: on
Final rigid: on
SA chain: off
[012/024] ./bin/solver_tile --seed 1012 --k 5 --pool-size 800 --prefix-order greedy --tile-obj score --tile-iters 1200 --tile-score-pool-size 320 --tile-score-full-every 40 --refine-iters 4000 --shift-search multires --shift-grid 8 --shift-levels 4 --shift-keep 6 --angles 0,10,20,30,40,50,60 --spacing-safety 1.004978 --shift 0.122518,0.827199 --sa-restarts 2 --sa-base-iters 300 --sa-iters-per-n 20 --sa-w-block-translate 0.06 --sa-w-block-rotate 0.02 --sa-w-lns 0.002 --sa-w-push-contact 0.2 --sa-w-squeeze 0.05 --sa-squeeze-pushes 6 --output runs/ai_full_20251218_174820/tile_runs/run_011.csv
Shift search: a=0.687500000 b=0.937500000 (score=135.939438904, angle=0.000)
Submission gerada em runs/ai_full_20251218_174820/tile_runs/run_011.csv
k (tile): 5
Pool size: 800
Prefix order: greedy
Tile iters: 1200
Refine iters: 4000
Lattice v_ratio: 2.000000
Lattice theta: 156.246
Min spacing: 1.870924282
Spacing (safety): 1.880237743
Best angle: 0.000
Score (local): 123.801270266
Prune: on
Final rigid: on
SA chain: off
[013/024] ./bin/solver_tile --seed 1013 --k 4 --pool-size 800 --prefix-order central --tile-obj score --tile-iters 400 --tile-score-pool-size 320 --tile-score-full-every 60 --refine-iters 4000 --shift-search multires --shift-grid 8 --shift-levels 4 --shift-keep 6 --angles 0,10,20,30,40,50,60 --spacing-safety 1.005366 --shift 0.796459,0.756488 --output runs/ai_full_20251218_174820/tile_runs/run_012.csv
Shift search: a=0.500000000 b=0.453125000 (score=117.240464603, angle=0.000)
Submission gerada em runs/ai_full_20251218_174820/tile_runs/run_012.csv
k (tile): 4
Pool size: 800
Prefix order: central
Tile iters: 400
Refine iters: 4000
Lattice v_ratio: 0.752233
Lattice theta: 31.535
Min spacing: 2.191710636
Spacing (safety): 2.203471356
Best angle: 0.000
Score (local): 116.132134323
Prune: on
Final rigid: on
SA chain: off
[014/024] ./bin/solver_tile --seed 1014 --k 5 --pool-size 800 --prefix-order greedy --tile-obj score --tile-iters 800 --tile-score-pool-size 320 --tile-score-full-every 60 --refine-iters 4000 --shift-search multires --shift-grid 8 --shift-levels 4 --shift-keep 6 --angles 0,15,30,45,60,75 --spacing-safety 1.003056 --shift 0.761342,0.902914 --sa-restarts 2 --sa-base-iters 300 --sa-iters-per-n 20 --sa-w-block-translate 0.06 --sa-w-block-rotate 0.02 --sa-w-lns 0.002 --sa-w-push-contact 0.2 --sa-w-squeeze 0.05 --sa-squeeze-pushes 6 --output runs/ai_full_20251218_174820/tile_runs/run_013.csv
Shift search: a=0.328125000 b=0.125000000 (score=131.389515113, angle=0.000)
Submission gerada em runs/ai_full_20251218_174820/tile_runs/run_013.csv
k (tile): 5
Pool size: 800
Prefix order: greedy
Tile iters: 800
Refine iters: 4000
Lattice v_ratio: 0.878871
Lattice theta: 61.188
Min spacing: 1.878915095
Spacing (safety): 1.884657059
Best angle: 0.000
Score (local): 123.534632913
Prune: on
Final rigid: on
SA chain: off
[015/024] ./bin/solver_tile --seed 1015 --k 5 --pool-size 800 --prefix-order greedy --tile-obj score --tile-iters 400 --tile-score-pool-size 380 --tile-score-full-every 40 --refine-iters 0 --shift-search multires --shift-grid 8 --shift-levels 4 --shift-keep 6 --angles 0,15,30,45,60,75 --spacing-safety 1.000998 --shift 0.177163,0.240854 --output runs/ai_full_20251218_174820/tile_runs/run_014.csv
Shift search: a=0.890625000 b=0.015625000 (score=122.412962539, angle=45.000)
Submission gerada em runs/ai_full_20251218_174820/tile_runs/run_014.csv
k (tile): 5
Pool size: 800
Prefix order: greedy
Tile iters: 400
Refine iters: 0
Lattice v_ratio: 0.792111
Lattice theta: 105.407
Min spacing: 1.841866414
Spacing (safety): 1.843704597
Best angle: 45.000
Score (local): 120.559167879
Prune: on
Final rigid: on
SA chain: off
[016/024] ./bin/solver_tile --seed 1016 --k 4 --pool-size 600 --prefix-order central --tile-obj score --tile-iters 400 --tile-score-pool-size 380 --tile-score-full-every 40 --refine-iters 0 --shift-search multires --shift-grid 8 --shift-levels 4 --shift-keep 6 --angles 0,15,30,45,60,75 --spacing-safety 1.008757 --shift 0.108357,0.727045 --sa-restarts 2 --sa-base-iters 300 --sa-iters-per-n 20 --sa-w-block-translate 0.06 --sa-w-block-rotate 0.02 --sa-w-lns 0.002 --sa-w-push-contact 0.2 --sa-w-squeeze 0.05 --sa-squeeze-pushes 6 --output runs/ai_full_20251218_174820/tile_runs/run_015.csv
Shift search: a=0.500000000 b=0.109375000 (score=143.466375143, angle=0.000)
Submission gerada em runs/ai_full_20251218_174820/tile_runs/run_015.csv
k (tile): 4
Pool size: 600
Prefix order: central
Tile iters: 400
Refine iters: 0
Lattice v_ratio: 1.170476
Lattice theta: 37.427
Min spacing: 1.798015804
Spacing (safety): 1.813761028
Best angle: 0.000
Score (local): 129.845899412
Prune: on
Final rigid: on
SA chain: off
[017/024] ./bin/solver_tile --seed 1017 --k 4 --pool-size 800 --prefix-order greedy --tile-obj score --tile-iters 1200 --tile-score-pool-size 320 --tile-score-full-every 40 --refine-iters 0 --shift-search multires --shift-grid 8 --shift-levels 4 --shift-keep 6 --angles 0,10,20,30,40,50,60 --spacing-safety 1.001391 --shift 0.436204,0.514533 --output runs/ai_full_20251218_174820/tile_runs/run_016.csv
Shift search: a=0.921875000 b=0.234375000 (score=114.698359390, angle=0.000)
Submission gerada em runs/ai_full_20251218_174820/tile_runs/run_016.csv
k (tile): 4
Pool size: 800
Prefix order: greedy
Tile iters: 1200
Refine iters: 0
Lattice v_ratio: 1.471717
Lattice theta: 51.454
Min spacing: 1.271681343
Spacing (safety): 1.273450252
Best angle: 0.000
Score (local): 113.342281497
Prune: on
Final rigid: on
SA chain: off
[018/024] ./bin/solver_tile --seed 1018 --k 3 --pool-size 800 --prefix-order central --tile-obj score --tile-iters 1200 --tile-score-pool-size 320 --tile-score-full-every 40 --refine-iters 0 --shift-search multires --shift-grid 8 --shift-levels 4 --shift-keep 6 --angles 0,15,30,45,60,75 --spacing-safety 1.005507 --shift 0.296537,0.838174 --sa-restarts 2 --sa-base-iters 300 --sa-iters-per-n 20 --sa-w-block-translate 0.06 --sa-w-block-rotate 0.02 --sa-w-lns 0.002 --sa-w-push-contact 0.2 --sa-w-squeeze 0.05 --sa-squeeze-pushes 6 --output runs/ai_full_20251218_174820/tile_runs/run_017.csv
Shift search: a=0.515625000 b=0.906250000 (score=120.456509590, angle=0.000)
Submission gerada em runs/ai_full_20251218_174820/tile_runs/run_017.csv
k (tile): 3
Pool size: 800
Prefix order: central
Tile iters: 1200
Refine iters: 0
Lattice v_ratio: 0.500000
Lattice theta: 76.995
Min spacing: 1.701017265
Spacing (safety): 1.710384767
Best angle: 0.000
Score (local): 114.443453746
Prune: on
Final rigid: on
SA chain: off
[019/024] ./bin/solver_tile --seed 1019 --k 4 --pool-size 600 --prefix-order greedy --tile-obj score --tile-iters 1200 --tile-score-pool-size 320 --tile-score-full-every 40 --refine-iters 0 --shift-search multires --shift-grid 8 --shift-levels 4 --shift-keep 6 --angles 0,15,30,45,60,75 --spacing-safety 1.002727 --shift 0.744435,0.236988 --output runs/ai_full_20251218_174820/tile_runs/run_018.csv
Shift search: a=0.765625000 b=0.734375000 (score=118.233136055, angle=0.000)
Submission gerada em runs/ai_full_20251218_174820/tile_runs/run_018.csv
k (tile): 4
Pool size: 600
Prefix order: greedy
Tile iters: 1200
Refine iters: 0
Lattice v_ratio: 1.755484
Lattice theta: 64.250
Min spacing: 1.121112176
Spacing (safety): 1.124169449
Best angle: 0.000
Score (local): 116.747662644
Prune: on
Final rigid: on
SA chain: off
[020/024] ./bin/solver_tile --seed 1020 --k 5 --pool-size 600 --prefix-order greedy --tile-obj score --tile-iters 400 --tile-score-pool-size 320 --tile-score-full-every 40 --refine-iters 0 --shift-search multires --shift-grid 8 --shift-levels 4 --shift-keep 6 --angles 0,10,20,30,40,50,60 --spacing-safety 1.004549 --shift 0.338561,0.894387 --sa-restarts 2 --sa-base-iters 300 --sa-iters-per-n 20 --sa-w-block-translate 0.06 --sa-w-block-rotate 0.02 --sa-w-lns 0.002 --sa-w-push-contact 0.2 --sa-w-squeeze 0.05 --sa-squeeze-pushes 6 --output runs/ai_full_20251218_174820/tile_runs/run_019.csv
Shift search: a=0.671875000 b=0.359375000 (score=130.841383647, angle=30.000)
Submission gerada em runs/ai_full_20251218_174820/tile_runs/run_019.csv
k (tile): 5
Pool size: 600
Prefix order: greedy
Tile iters: 400
Refine iters: 0
Lattice v_ratio: 0.695826
Lattice theta: 58.771
Min spacing: 2.123498719
Spacing (safety): 2.133158515
Best angle: 30.000
Score (local): 122.995284503
Prune: on
Final rigid: on
SA chain: off
[021/024] ./bin/solver_tile --seed 1021 --k 3 --pool-size 600 --prefix-order greedy --tile-obj score --tile-iters 400 --tile-score-pool-size 380 --tile-score-full-every 60 --refine-iters 4000 --shift-search multires --shift-grid 8 --shift-levels 4 --shift-keep 6 --angles 0,10,20,30,40,50,60 --spacing-safety 1.005415 --shift 0.199870,0.421142 --output runs/ai_full_20251218_174820/tile_runs/run_020.csv
Shift search: a=0.234375000 b=0.468750000 (score=109.200744104, angle=0.000)
Submission gerada em runs/ai_full_20251218_174820/tile_runs/run_020.csv
k (tile): 3
Pool size: 600
Prefix order: greedy
Tile iters: 400
Refine iters: 4000
Lattice v_ratio: 1.908938
Lattice theta: 95.486
Min spacing: 0.832182413
Spacing (safety): 0.836688681
Best angle: 0.000
Score (local): 107.927594568
Prune: on
Final rigid: on
SA chain: off
[022/024] ./bin/solver_tile --seed 1022 --k 3 --pool-size 800 --prefix-order central --tile-obj score --tile-iters 1200 --tile-score-pool-size 260 --tile-score-full-every 40 --refine-iters 0 --shift-search multires --shift-grid 8 --shift-levels 4 --shift-keep 6 --angles 0,15,30,45,60,75 --spacing-safety 1.005694 --shift 0.896507,0.798824 --sa-restarts 2 --sa-base-iters 300 --sa-iters-per-n 20 --sa-w-block-translate 0.06 --sa-w-block-rotate 0.02 --sa-w-lns 0.002 --sa-w-push-contact 0.2 --sa-w-squeeze 0.05 --sa-squeeze-pushes 6 --output runs/ai_full_20251218_174820/tile_runs/run_021.csv
Shift search: a=0.296875000 b=0.406250000 (score=116.665954109, angle=0.000)
Submission gerada em runs/ai_full_20251218_174820/tile_runs/run_021.csv
k (tile): 3
Pool size: 800
Prefix order: central
Tile iters: 1200
Refine iters: 0
Lattice v_ratio: 0.633210
Lattice theta: 127.511
Min spacing: 1.656203999
Spacing (safety): 1.665634424
Best angle: 0.000
Score (local): 109.173239405
Prune: on
Final rigid: on
SA chain: off
[023/024] ./bin/solver_tile --seed 1023 --k 5 --pool-size 600 --prefix-order central --tile-obj score --tile-iters 400 --tile-score-pool-size 260 --tile-score-full-every 40 --refine-iters 4000 --shift-search multires --shift-grid 8 --shift-levels 4 --shift-keep 6 --angles 0,15,30,45,60,75 --spacing-safety 1.004878 --shift 0.856061,0.587745 --output runs/ai_full_20251218_174820/tile_runs/run_022.csv
Shift search: a=0.828125000 b=0.703125000 (score=132.635531740, angle=75.000)
Submission gerada em runs/ai_full_20251218_174820/tile_runs/run_022.csv
k (tile): 5
Pool size: 600
Prefix order: central
Tile iters: 400
Refine iters: 4000
Lattice v_ratio: 1.330604
Lattice theta: 25.216
Min spacing: 2.158567125
Spacing (safety): 2.169096615
Best angle: 75.000
Score (local): 131.457918373
Prune: on
Final rigid: on
SA chain: off
[024/024] ./bin/solver_tile --seed 1024 --k 3 --pool-size 800 --prefix-order greedy --tile-obj score --tile-iters 400 --tile-score-pool-size 380 --tile-score-full-every 60 --refine-iters 4000 --shift-search multires --shift-grid 8 --shift-levels 4 --shift-keep 6 --angles 0,15,30,45,60,75 --spacing-safety 1.008509 --shift 0.846258,0.376293 --sa-restarts 2 --sa-base-iters 300 --sa-iters-per-n 20 --sa-w-block-translate 0.06 --sa-w-block-rotate 0.02 --sa-w-lns 0.002 --sa-w-push-contact 0.2 --sa-w-squeeze 0.05 --sa-squeeze-pushes 6 --output runs/ai_full_20251218_174820/tile_runs/run_023.csv
Shift search: a=0.500000000 b=0.593750000 (score=125.881462748, angle=60.000)
Submission gerada em runs/ai_full_20251218_174820/tile_runs/run_023.csv
k (tile): 3
Pool size: 800
Prefix order: greedy
Tile iters: 400
Refine iters: 4000
Lattice v_ratio: 0.544980
Lattice theta: 82.698
Min spacing: 1.679570637
Spacing (safety): 1.693862103
Best angle: 60.000
Score (local): 118.345967957
Prune: on
Final rigid: on
SA chain: off
Submission ensembling gerada em runs/ai_full_20251218_174820/ensemble_tile.csv
Inputs: 24
Score (local): 99.835669537
Final rigid: on
Score: 99.835669537
